0 info it worked if it ends with ok
1 verbose cli [ 'C:\\Program Files\\nodejs\\node.exe',
1 verbose cli   'C:\\Program Files\\nodejs\\node_modules\\npm\\bin\\npm-cli.js',
1 verbose cli   'run',
1 verbose cli   'test:xunit' ]
2 info using npm@3.10.8
3 info using node@v6.9.1
4 verbose run-script [ 'pretest:xunit', 'test:xunit', 'posttest:xunit' ]
5 info lifecycle szkolenie1@1.0.0~pretest:xunit: szkolenie1@1.0.0
6 silly lifecycle szkolenie1@1.0.0~pretest:xunit: no script for pretest:xunit, continuing
7 info lifecycle szkolenie1@1.0.0~test:xunit: szkolenie1@1.0.0
8 verbose lifecycle szkolenie1@1.0.0~test:xunit: unsafe-perm in lifecycle true
9 verbose lifecycle szkolenie1@1.0.0~test:xunit: PATH: C:\Program Files\nodejs\node_modules\npm\bin\node-gyp-bin;C:\repo\Szkolenie1\node_modules\.bin;C:\Program Files (x86)\gdipp\;C:\Program Files (x86)\gdipp\;C:\Program Files (x86)\gdipp\;C:\ProgramData\Oracle\Java\javapath;C:\WINDOWS\system32;C:\WINDOWS;C:\WINDOWS\System32\Wbem;C:\WINDOWS\System32\WindowsPowerShell\v1.0\;C:\Program Files\Git\cmd;C:\Program Files\Git\mingw64\bin;C:\Program Files\Git\usr\bin;C:\apache-maven-3.3.9\bin;C:\Program Files\nodejs\;C:\Python27;C:\Python27\Scripts;C:\Program Files (x86)\Skype\Phone\;C:\Program Files\Java\jdk1.8.0_111\bin;C:\Program Files\TortoiseSVN\bin;C:\Users\mradojewski\AppData\Roaming\npm;C:\Users\mradojewski\AppData\Local\atom\bin;C:\Program Files (x86)\mitmproxy\bin;C:\Users\mradojewski\AppData\Local\Microsoft\WindowsApps;C:\Program Files\wget-1.19.1-win64;C:\Program Files\Heroku\bin
10 verbose lifecycle szkolenie1@1.0.0~test:xunit: CWD: C:\repo\Szkolenie1
11 silly lifecycle szkolenie1@1.0.0~test:xunit: Args: [ '/d /s /c', 'npm run test -- --reporter xunit' ]
12 silly lifecycle szkolenie1@1.0.0~test:xunit: Returned: code: 1  signal: null
13 info lifecycle szkolenie1@1.0.0~test:xunit: Failed to exec test:xunit script
14 verbose stack Error: szkolenie1@1.0.0 test:xunit: `npm run test -- --reporter xunit`
14 verbose stack Exit status 1
14 verbose stack     at EventEmitter.<anonymous> (C:\Program Files\nodejs\node_modules\npm\lib\utils\lifecycle.js:255:16)
14 verbose stack     at emitTwo (events.js:106:13)
14 verbose stack     at EventEmitter.emit (events.js:191:7)
14 verbose stack     at ChildProcess.<anonymous> (C:\Program Files\nodejs\node_modules\npm\lib\utils\spawn.js:40:14)
14 verbose stack     at emitTwo (events.js:106:13)
14 verbose stack     at ChildProcess.emit (events.js:191:7)
14 verbose stack     at maybeClose (internal/child_process.js:877:16)
14 verbose stack     at Process.ChildProcess._handle.onexit (internal/child_process.js:226:5)
15 verbose pkgid szkolenie1@1.0.0
16 verbose cwd C:\repo\Szkolenie1
17 error Windows_NT 10.0.14393
18 error argv "C:\\Program Files\\nodejs\\node.exe" "C:\\Program Files\\nodejs\\node_modules\\npm\\bin\\npm-cli.js" "run" "test:xunit"
19 error node v6.9.1
20 error npm  v3.10.8
21 error code ELIFECYCLE
22 error szkolenie1@1.0.0 test:xunit: `npm run test -- --reporter xunit`
22 error Exit status 1
23 error Failed at the szkolenie1@1.0.0 test:xunit script 'npm run test -- --reporter xunit'.
23 error Make sure you have the latest version of node.js and npm installed.
23 error If you do, this is most likely a problem with the szkolenie1 package,
23 error not with npm itself.
23 error Tell the author that this fails on your system:
23 error     npm run test -- --reporter xunit
23 error You can get information on how to open an issue for this project with:
23 error     npm bugs szkolenie1
23 error Or if that isn't available, you can get their info via:
23 error     npm owner ls szkolenie1
23 error There is likely additional logging output above.
24 verbose exit [ 1, true ]
